<?xml version="1.0" encoding="UTF-8"?>
<!-- Generated by org.testng.reporters.JUnitXMLReporter -->
<testsuite ignored="0" hostname="HUBLAPINDCE-018" failures="2" tests="2" name="Test(failed)" time="48.111" errors="0" timestamp="2023-03-17T16:47:43 IST">
  <testcase classname="test.HomePageTest" name="sampletest" time="0.13">
    <failure type="java.lang.AssertionError" message="expected [true] but found [false]">
      <![CDATA[java.lang.AssertionError: expected [true] but found [false]
at test.HomePageTest.sampletest(HomePageTest.java:40)
at java.base/java.util.ArrayList.forEach(ArrayList.java:1511)
... Removed 29 stack frames]]>
    </failure>
  </testcase> <!-- sampletest -->
  <testcase classname="test.HomePageTest" name="verifySuggestionList" time="17.04">
    <failure type="java.lang.AssertionError" message="The following asserts failed:
	expected [Amazon.in : fastrack1] but found [Amazon.in : fastrack]">
      <![CDATA[java.lang.AssertionError: The following asserts failed:
expected [Amazon.in : fastrack1] but found [Amazon.in : fastrack]
at test.HomePageTest.verifySuggestionList(HomePageTest.java:34)
at java.base/java.util.ArrayList.forEach(ArrayList.java:1511)
... Removed 27 stack frames]]>
    </failure>
  </testcase> <!-- verifySuggestionList -->
</testsuite> <!-- Test(failed) -->
